TN:
SF:src/contracts/Crate721M.sol
FN:40,Crate721M.
FNDA:156,Crate721M.
DA:41,156
FN:44,Crate721M.initialize
FNDA:70,Crate721M.initialize
DA:61,70
DA:62,60
BRDA:62,0,0,60
BRDA:62,0,1,57
DA:63,57
DA:64,57
DA:67,57
DA:68,57
BRDA:68,1,0,57
BRDA:68,1,1,-
DA:69,0
DA:70,57
DA:72,57
BRDA:72,2,0,-
BRDA:72,2,1,-
DA:73,0
DA:74,0
BRDA:74,3,0,-
BRDA:74,3,1,-
DA:76,57
FN:83,Crate721M._handlePayments
FNDA:96,Crate721M._handlePayments
DA:84,96
DA:85,96
BRDA:85,4,0,95
BRDA:85,4,1,95
DA:86,95
DA:87,95
BRDA:87,5,0,95
BRDA:87,5,1,95
DA:88,95
DA:89,95
FN:94,Crate721M._handleMint
FNDA:27,Crate721M._handleMint
DA:95,27
DA:96,27
FN:99,Crate721M._handleMintWithList
FNDA:1,Crate721M._handleMintWithList
DA:110,1
DA:111,1
FN:115,Crate721M.mint
FNDA:55,Crate721M.mint
DA:116,55
BRDA:116,6,0,55
BRDA:116,6,1,55
DA:117,55
DA:118,55
FN:122,Crate721M.mint
FNDA:13,Crate721M.mint
DA:123,13
BRDA:123,7,0,13
BRDA:123,7,1,13
DA:124,13
DA:125,13
FN:132,Crate721M.setReferralFee
FNDA:36,Crate721M.setReferralFee
DA:133,36
BRDA:133,8,0,36
BRDA:133,8,1,24
DA:134,24
FN:137,Crate721M._setAllocation
FNDA:36,Crate721M._setAllocation
DA:139,36
BRDA:138,9,0,36
BRDA:138,9,1,12
DA:143,24
DA:146,12
DA:148,12
DA:150,12
FN:153,Crate721M.setAllocation
FNDA:36,Crate721M.setAllocation
DA:154,36
FN:158,Crate721M.withdraw
FNDA:99,Crate721M.withdraw
DA:159,99
FN:165,Crate721M._processPayment
FNDA:3,Crate721M._processPayment
DA:166,3
DA:167,3
BRDA:167,10,0,1
BRDA:167,10,1,1
DA:168,1
DA:169,1
BRDA:169,11,0,1
BRDA:169,11,1,1
DA:171,1
BRDA:171,12,0,1
BRDA:171,12,1,1
DA:172,1
DA:174,1
DA:177,2
BRDA:177,13,0,2
BRDA:177,13,1,2
DA:179,2
FN:182,Crate721M.rescueERC20
FNDA:1,Crate721M.rescueERC20
DA:183,1
BRDA:183,14,0,1
BRDA:183,14,1,1
DA:184,1
FN:188,Crate721M.rescueERC721
FNDA:2,Crate721M.rescueERC721
DA:189,2
BRDA:189,15,0,2
BRDA:189,15,1,2
DA:190,2
FN:193,Crate721M.onERC721Received
FNDA:1,Crate721M.onERC721Received
DA:203,1
DA:204,1
BRDA:204,16,0,1
BRDA:204,16,1,1
DA:205,1
DA:206,0
FN:211,Crate721M.
FNDA:0,Crate721M.
DA:214,0
DA:216,0
DA:218,0
DA:220,0
DA:222,0
BRDA:222,17,0,-
DA:223,0
DA:224,0
DA:227,0
DA:228,0
FNF:16
FNH:15
LF:64
LH:51
BRF:35
BRH:29
end_of_record
TN:
SF:src/test/_Test.sol
FN:16,TestWithHelpers._bytesToAddress
FNDA:156,TestWithHelpers._bytesToAddress
DA:17,156
FNF:1
FNH:1
LF:1
LH:1
BRF:0
BRH:0
end_of_record
